<ns0:test-suite xmlns:ns0="urn:model.allure.qatools.yandex.ru" start="1534581302150" stop="1534581302192">
  <name>test_all</name>
  <labels/>
  <test-cases>
    <test-case start="1534581302150" status="passed" stop="1534581302153">
      <name>Test_allure.test_al[1]</name>
      <attachments/>
      <labels>
        <label name="severity" value="blocker"/>
        <label name="thread" value="16900-MainThread"/>
        <label name="host" value="LAPTOP-NJ1CSL3A"/>
        <label name="framework" value="pytest"/>
        <label name="language" value="cpython3"/>
      </labels>
      <steps>
        <step start="1534581302153" status="passed" stop="1534581302153">
          <name>我是测试步骤001</name>
          <title>我是测试步骤001</title>
          <attachments>
            <attachment source="93444852-74a5-4d38-a4e8-29e94f098407-attachment.txt" title="描述" type="text/plain"/>
          </attachments>
          <steps/>
        </step>
      </steps>
    </test-case>
    <test-case start="1534581302155" status="failed" stop="1534581302188">
      <name>Test_allure.test_al[2]</name>
      <failure>
        <message>AssertionError: assert 2 != 2</message>
        <stack-trace>self = &lt;test_all.Test_allure object at 0x000001B9361D4208&gt;, a = 2

    @pytest.mark.parametrize("a", [1, 2, 3])
    @pytest.allure.severity(pytest.allure.severity_level.BLOCKER)
    @allure.step('我是测试步骤001')
    def test_al(self, a):
        allure.attach('描述', '我是测试步骤001的描述～～～')
&gt;       assert a != 2
E       assert 2 != 2

Scripts\test_all.py:14: AssertionError</stack-trace>
      </failure>
      <attachments/>
      <labels>
        <label name="severity" value="blocker"/>
        <label name="thread" value="16900-MainThread"/>
        <label name="host" value="LAPTOP-NJ1CSL3A"/>
        <label name="framework" value="pytest"/>
        <label name="language" value="cpython3"/>
      </labels>
      <steps>
        <step start="1534581302157" status="failed" stop="1534581302157">
          <name>我是测试步骤001</name>
          <title>我是测试步骤001</title>
          <attachments>
            <attachment source="19b705d9-afb3-49c9-9100-1e1abe487a05-attachment.txt" title="描述" type="text/plain"/>
          </attachments>
          <steps/>
        </step>
      </steps>
    </test-case>
    <test-case start="1534581302191" status="passed" stop="1534581302192">
      <name>Test_allure.test_al[3]</name>
      <attachments/>
      <labels>
        <label name="severity" value="blocker"/>
        <label name="thread" value="16900-MainThread"/>
        <label name="host" value="LAPTOP-NJ1CSL3A"/>
        <label name="framework" value="pytest"/>
        <label name="language" value="cpython3"/>
      </labels>
      <steps>
        <step start="1534581302192" status="passed" stop="1534581302192">
          <name>我是测试步骤001</name>
          <title>我是测试步骤001</title>
          <attachments>
            <attachment source="a47ddac0-eaa3-450c-ace1-71c5c7e3154c-attachment.txt" title="描述" type="text/plain"/>
          </attachments>
          <steps/>
        </step>
      </steps>
    </test-case>
  </test-cases>
</ns0:test-suite>
